<?xml version="1.0" encoding="UTF-8"?>
<robot generator="Robot 6.1.1 (Python 3.9.6 on darwin)" generated="20230825 15:18:11.841" rpa="false" schemaversion="4">
<suite id="s1" name="NopCommerce" source="/Users/bekamakharadze/PycharmProjects/Robot/NopCommerce.robot">
<kw name="Open Browser" library="SeleniumLibrary" type="SETUP">
<arg>${URL}</arg>
<arg>${BROWSER}</arg>
<arg>executable_path=${CHROME_BINARY}</arg>
<doc>Opens a new browser instance to the optional ``url``.</doc>
<msg timestamp="20230825 15:18:11.955" level="INFO">Opening browser 'Chrome' to base url 'https://demo.nopcommerce.com/'.</msg>
<status status="PASS" starttime="20230825 15:18:11.954" endtime="20230825 15:18:14.781"/>
</kw>
<test id="s1-t1" name="Login Test" line="40">
<kw name="Log To Console" library="BuiltIn" type="SETUP">
<arg>Opening Browser</arg>
<doc>Logs the given message to the console.</doc>
<status status="PASS" starttime="20230825 15:18:14.783" endtime="20230825 15:18:14.783"/>
</kw>
<kw name="Launch Browser">
<kw name="Maximize Browser Window" library="SeleniumLibrary">
<doc>Maximizes current browser window.</doc>
<status status="PASS" starttime="20230825 15:18:14.784" endtime="20230825 15:18:15.231"/>
</kw>
<kw name="Is Home Page Opened" library="HomePage">
<kw name="Element Should Be Visible" library="SeleniumLibrary">
<arg>${login_btn}</arg>
<doc>Verifies that the element identified by ``locator`` is visible.</doc>
<msg timestamp="20230825 15:18:15.250" level="INFO">Element 'xpath://*[contains(text(), 'Log in')][1]' is displayed.</msg>
<status status="PASS" starttime="20230825 15:18:15.232" endtime="20230825 15:18:15.250"/>
</kw>
<status status="PASS" starttime="20230825 15:18:15.232" endtime="20230825 15:18:15.250"/>
</kw>
<status status="PASS" starttime="20230825 15:18:14.784" endtime="20230825 15:18:15.250"/>
</kw>
<kw name="Click Home Page Login Button" library="HomePage">
<kw name="Click Element" library="SeleniumLibrary">
<arg>${login_btn}</arg>
<doc>Click the element identified by ``locator``.</doc>
<msg timestamp="20230825 15:18:15.251" level="INFO">Clicking element 'xpath://*[contains(text(), 'Log in')][1]'.</msg>
<status status="PASS" starttime="20230825 15:18:15.250" endtime="20230825 15:18:16.308"/>
</kw>
<status status="PASS" starttime="20230825 15:18:15.250" endtime="20230825 15:18:16.308"/>
</kw>
<kw name="Is Login Page Opened" library="LoginPage">
<kw name="Element Should Be Visible" library="SeleniumLibrary">
<arg>${email_input}</arg>
<doc>Verifies that the element identified by ``locator`` is visible.</doc>
<msg timestamp="20230825 15:18:16.321" level="INFO">Element 'xpath://*[@id="Email"]' is displayed.</msg>
<status status="PASS" starttime="20230825 15:18:16.309" endtime="20230825 15:18:16.322"/>
</kw>
<status status="PASS" starttime="20230825 15:18:16.308" endtime="20230825 15:18:16.322"/>
</kw>
<kw name="Login Email Input" library="LoginPage">
<arg>becca@gmail.com</arg>
<kw name="Input Text" library="SeleniumLibrary">
<arg>${email_input}</arg>
<arg>${email}</arg>
<doc>Types the given ``text`` into the text field identified by ``locator``.</doc>
<msg timestamp="20230825 15:18:16.322" level="INFO">Typing text 'becca@gmail.com' into text field 'xpath://*[@id="Email"]'.</msg>
<status status="PASS" starttime="20230825 15:18:16.322" endtime="20230825 15:18:16.403"/>
</kw>
<status status="PASS" starttime="20230825 15:18:16.322" endtime="20230825 15:18:16.403"/>
</kw>
<kw name="Login Password Input" library="LoginPage">
<arg>Test123</arg>
<kw name="Input Text" library="SeleniumLibrary">
<arg>${password_input}</arg>
<arg>${password}</arg>
<doc>Types the given ``text`` into the text field identified by ``locator``.</doc>
<msg timestamp="20230825 15:18:16.404" level="INFO">Typing text 'Test123' into text field 'xpath://*[@id="Password"]'.</msg>
<status status="PASS" starttime="20230825 15:18:16.404" endtime="20230825 15:18:16.442"/>
</kw>
<status status="PASS" starttime="20230825 15:18:16.403" endtime="20230825 15:18:16.442"/>
</kw>
<kw name="Click Login Button" library="LoginPage">
<kw name="Click Element" library="SeleniumLibrary">
<arg>${login_btn}</arg>
<doc>Click the element identified by ``locator``.</doc>
<msg timestamp="20230825 15:18:16.443" level="INFO">Clicking element 'xpath://*[contains(text(), 'Log in')][1]'.</msg>
<status status="PASS" starttime="20230825 15:18:16.442" endtime="20230825 15:18:17.446"/>
</kw>
<status status="PASS" starttime="20230825 15:18:16.442" endtime="20230825 15:18:17.447"/>
</kw>
<kw name="Close Browser" library="SeleniumLibrary">
<doc>Closes the current browser.</doc>
<status status="PASS" starttime="20230825 15:18:17.447" endtime="20230825 15:18:17.520"/>
</kw>
<kw name="Log To Console" library="BuiltIn" type="TEARDOWN">
<arg>Closing Browser</arg>
<doc>Logs the given message to the console.</doc>
<status status="PASS" starttime="20230825 15:18:17.520" endtime="20230825 15:18:17.521"/>
</kw>
<status status="PASS" starttime="20230825 15:18:14.782" endtime="20230825 15:18:17.521"/>
</test>
<kw name="Close Browser" library="SeleniumLibrary" type="TEARDOWN">
<doc>Closes the current browser.</doc>
<status status="PASS" starttime="20230825 15:18:17.521" endtime="20230825 15:18:17.522"/>
</kw>
<status status="PASS" starttime="20230825 15:18:11.842" endtime="20230825 15:18:17.522"/>
</suite>
<statistics>
<total>
<stat pass="1" fail="0" skip="0">All Tests</stat>
</total>
<tag>
</tag>
<suite>
<stat pass="1" fail="0" skip="0" id="s1" name="NopCommerce">NopCommerce</stat>
</suite>
</statistics>
<errors>
</errors>
</robot>
