<?xml version="1.0" encoding="UTF-8"?>
<robot generator="Robot 6.1.1 (Python 3.9.6 on darwin)" generated="20230901 14:37:45.512" rpa="false" schemaversion="4">
<suite id="s1" name="Learning" source="/Users/bekamakharadze/PycharmProjects/Robot/LearningRobotFramework/Learning.robot">
<test id="s1-t1" name="Different mouse actions" line="71">
<kw name="launchBrowser">
<arg>https://demoqa.com/droppable/</arg>
<arg>${browser}</arg>
<arg>${chrome_binary}</arg>
<kw name="Open Browser" library="SeleniumLibrary">
<arg>${appurl}</arg>
<arg>${appbrowser}</arg>
<arg>executable_path=${executable_path}</arg>
<doc>Opens a new browser instance to the optional ``url``.</doc>
<msg timestamp="20230901 14:37:45.600" level="INFO">Opening browser 'Chrome' to base url 'https://demoqa.com/droppable/'.</msg>
<status status="PASS" starttime="20230901 14:37:45.600" endtime="20230901 14:37:50.723"/>
</kw>
<kw name="Maximize Browser Window" library="SeleniumLibrary">
<doc>Maximizes current browser window.</doc>
<status status="PASS" starttime="20230901 14:37:50.723" endtime="20230901 14:37:51.183"/>
</kw>
<kw name="Get Title" library="SeleniumLibrary">
<var>${title}</var>
<doc>Returns the title of the current page.</doc>
<msg timestamp="20230901 14:37:51.187" level="INFO">${title} = DEMOQA</msg>
<status status="PASS" starttime="20230901 14:37:51.183" endtime="20230901 14:37:51.187"/>
</kw>
<status status="PASS" starttime="20230901 14:37:45.599" endtime="20230901 14:37:51.187"/>
</kw>
<kw name="Drag And Drop" library="SeleniumLibrary">
<arg>xpath://*[@id="draggable"]</arg>
<arg>xpath://*[@id="droppable"]</arg>
<doc>Drags the element identified by ``locator`` into the ``target`` element.</doc>
<status status="PASS" starttime="20230901 14:37:51.187" endtime="20230901 14:37:51.731"/>
</kw>
<kw name="Go To" library="SeleniumLibrary">
<arg>https://demoqa.com/selectable</arg>
<doc>Navigates the current browser window to the provided ``url``.</doc>
<msg timestamp="20230901 14:37:51.732" level="INFO">Opening url 'https://demoqa.com/selectable'</msg>
<status status="PASS" starttime="20230901 14:37:51.731" endtime="20230901 14:37:52.449"/>
</kw>
<kw name="Sleep" library="BuiltIn">
<arg>2</arg>
<doc>Pauses the test executed for the given time.</doc>
<msg timestamp="20230901 14:37:54.450" level="INFO">Slept 2 seconds</msg>
<status status="PASS" starttime="20230901 14:37:52.449" endtime="20230901 14:37:54.452"/>
</kw>
<kw name="Go To" library="SeleniumLibrary">
<arg>https://demoqa.com/sortable</arg>
<doc>Navigates the current browser window to the provided ``url``.</doc>
<msg timestamp="20230901 14:37:54.455" level="INFO">Opening url 'https://demoqa.com/sortable'</msg>
<status status="PASS" starttime="20230901 14:37:54.453" endtime="20230901 14:37:54.866"/>
</kw>
<kw name="Drag And Drop" library="SeleniumLibrary">
<arg>//*[contains(text(), 'One')]</arg>
<arg>//*[contains(text(), 'Six')]</arg>
<doc>Drags the element identified by ``locator`` into the ``target`` element.</doc>
<status status="PASS" starttime="20230901 14:37:54.866" endtime="20230901 14:37:55.408"/>
</kw>
<kw name="Drag And Drop" library="SeleniumLibrary">
<arg>//*[contains(text(), 'Two')]</arg>
<arg>//*[contains(text(), 'Six')]</arg>
<doc>Drags the element identified by ``locator`` into the ``target`` element.</doc>
<status status="PASS" starttime="20230901 14:37:55.409" endtime="20230901 14:37:55.958"/>
</kw>
<kw name="Drag And Drop" library="SeleniumLibrary">
<arg>//*[contains(text(), 'Three')]</arg>
<arg>//*[contains(text(), 'Six')]</arg>
<doc>Drags the element identified by ``locator`` into the ``target`` element.</doc>
<status status="PASS" starttime="20230901 14:37:55.959" endtime="20230901 14:37:56.520"/>
</kw>
<kw name="Drag And Drop" library="SeleniumLibrary">
<arg>//*[contains(text(), 'Four')]</arg>
<arg>//*[contains(text(), 'Six')]</arg>
<doc>Drags the element identified by ``locator`` into the ``target`` element.</doc>
<status status="PASS" starttime="20230901 14:37:56.520" endtime="20230901 14:37:57.076"/>
</kw>
<kw name="Drag And Drop" library="SeleniumLibrary">
<arg>//*[contains(text(), 'Five')]</arg>
<arg>//*[contains(text(), 'Six')]</arg>
<doc>Drags the element identified by ``locator`` into the ``target`` element.</doc>
<status status="PASS" starttime="20230901 14:37:57.077" endtime="20230901 14:37:57.627"/>
</kw>
<kw name="Sleep" library="BuiltIn">
<arg>2</arg>
<doc>Pauses the test executed for the given time.</doc>
<msg timestamp="20230901 14:37:59.630" level="INFO">Slept 2 seconds</msg>
<status status="PASS" starttime="20230901 14:37:57.627" endtime="20230901 14:37:59.631"/>
</kw>
<status status="PASS" starttime="20230901 14:37:45.599" endtime="20230901 14:37:59.632"/>
</test>
<status status="PASS" starttime="20230901 14:37:45.513" endtime="20230901 14:37:59.635"/>
</suite>
<statistics>
<total>
<stat pass="1" fail="0" skip="0">All Tests</stat>
</total>
<tag>
</tag>
<suite>
<stat pass="1" fail="0" skip="0" id="s1" name="Learning">Learning</stat>
</suite>
</statistics>
<errors>
</errors>
</robot>
